Log file open, 08/05/25 13:02:30
LogWindows: Failed to load 'aqProf.dll' (GetLastError=126)
LogWindows: File 'aqProf.dll' does not exist
LogProfilingDebugging: Loading WinPixEventRuntime.dll for PIX profiling (from ../../../Engine/Binaries/ThirdParty/Windows/WinPixEventRuntime/x64).
LogWindows: Failed to load '../../../Engine/Binaries/ThirdParty/Windows/WinPixEventRuntime/x64/WinPixEventRuntime.dll' (GetLastError=126)
LogWindows: File '../../../Engine/Binaries/ThirdParty/Windows/WinPixEventRuntime/x64/WinPixEventRuntime.dll' does not exist
LogProfilingDebugging: Error: Failed to get WinPixEventRuntime.dll handle: 系统找不到指定的路径。 (3)
LogWindows: Failed to load 'VtuneApi.dll' (GetLastError=126)
LogWindows: File 'VtuneApi.dll' does not exist
LogWindows: Failed to load 'VtuneApi32e.dll' (GetLastError=126)
LogWindows: File 'VtuneApi32e.dll' does not exist
LogStats: Stats thread started at 0.028712
LogICUInternationalization: ICU TimeZone Detection - Raw Offset: +8:00, Platform Override: ''
LogInit: Session CrashGUID >====================================================
         Session CrashGUID >   UECC-Windows-21E9668F494C5D27ED74949C4407DA09
         Session CrashGUID >====================================================
LogWindows: Failed to load '../../../Engine/Binaries/ThirdParty/DbgHelp/dbghelp.dll' (GetLastError=126)
LogWindows: File '../../../Engine/Binaries/ThirdParty/DbgHelp/dbghelp.dll' does not exist
LogConfig: No local boot hotfix file found at: [../../../Engine/Programs/FileSlate/Saved/PersistentDownloadDir/HotfixForNextBoot.txt]
LogInit: ExecutableName: FileSlate-Win64-Debug.exe
LogInit: Build: UE5-CL-0
LogInit: Platform=WindowsEditor
LogInit: MachineId=fa0117d147dcc45fc1d96a98a0bec5e5
LogInit: DeviceId=
LogInit: Engine Version: 5.6.0-0+UE5
LogInit: Compatible Engine Version: 5.6.0-0+UE5
LogInit: Net CL: 0
LogInit: OS: Windows 11 (24H2) [10.0.26100.4351] (), CPU: AMD Ryzen 9 7940H w/ Radeon 780M Graphics     , GPU: AMD Radeon 780M Graphics
LogInit: Compiled (64-bit): Aug  3 2025 12:03:28
LogInit: Architecture: x64
LogInit: Compiled with Visual C++: 19.38.33141.00
LogInit: Build Configuration: Debug
LogInit: Branch Name: UE5
LogInit: Command Line: "G:\File\Engine\Binaries\Win64\FilePrograms\FileSlate-Win64-Debug.exe" 
LogInit: Base Directory: G:/File/Engine/Binaries/Win64/
LogInit: Allocator: Mimalloc
LogInit: Installed Engine Build: 0
LogInit: This binary is optimized with LTO: no, PGO: no, instrumented for PGO data collection: no
LogDevObjectVersion: Number of dev versions registered: 35
LogDevObjectVersion:   Dev-Blueprints (B0D832E4-1F89-4F0D-ACCF-7EB736FD4AA2): 10
LogDevObjectVersion:   Dev-Build (E1C64328-A22C-4D53-A36C-8E866417BD8C): 0
LogDevObjectVersion:   Dev-Core (375EC13C-06E4-48FB-B500-84F0262A717E): 4
LogDevObjectVersion:   Dev-Editor (E4B068ED-F494-42E9-A231-DA0B2E46BB41): 40
LogDevObjectVersion:   Dev-Framework (CFFC743F-43B0-4480-9391-14DF171D2073): 37
LogDevObjectVersion:   Dev-Mobile (B02B49B5-BB20-44E9-A304-32B752E40360): 3
LogDevObjectVersion:   Dev-Networking (A4E4105C-59A1-49B5-A7C5-40C4547EDFEE): 0
LogDevObjectVersion:   Dev-Online (39C831C9-5AE6-47DC-9A44-9C173E1C8E7C): 0
LogDevObjectVersion:   Dev-Physics (78F01B33-EBEA-4F98-B9B4-84EACCB95AA2): 20
LogDevObjectVersion:   Dev-Platform (6631380F-2D4D-43E0-8009-CF276956A95A): 0
LogDevObjectVersion:   Dev-Rendering (12F88B9F-8875-4AFC-A67C-D90C383ABD29): 49
LogDevObjectVersion:   Dev-Sequencer (7B5AE74C-D270-4C10-A958-57980B212A5A): 13
LogDevObjectVersion:   Dev-VR (D7296918-1DD6-4BDD-9DE2-64A83CC13884): 3
LogDevObjectVersion:   Dev-LoadTimes (C2A15278-BFE7-4AFE-6C17-90FF531DF755): 1
LogDevObjectVersion:   Private-Geometry (6EACA3D4-40EC-4CC1-B786-8BED09428FC5): 3
LogDevObjectVersion:   Dev-AnimPhys (29E575DD-E0A3-4627-9D10-D276232CDCEA): 17
LogDevObjectVersion:   Dev-Anim (AF43A65D-7FD3-4947-9873-3E8ED9C1BB05): 15
LogDevObjectVersion:   Dev-ReflectionCapture (6B266CEC-1EC7-4B8F-A30B-E4D90942FC07): 1
LogDevObjectVersion:   Dev-Automation (0DF73D61-A23F-47EA-B727-89E90C41499A): 1
LogDevObjectVersion:   FortniteMain (601D1886-AC64-4F84-AA16-D3DE0DEAC7D6): 207
LogDevObjectVersion:   FortniteValkyrie (8DBC2C5B-54A7-43E0-A768-FCBB7DA29060): 8
LogDevObjectVersion:   FortniteSeason (5B4C06B7-2463-4AF8-805B-BF70CDF5D0DD): 13
LogDevObjectVersion:   FortniteRelease (E7086368-6B23-4C58-8439-1B7016265E91): 17
LogDevObjectVersion:   Dev-Enterprise (9DFFBCD6-494F-0158-E221-12823C92A888): 11
LogDevObjectVersion:   Dev-Niagara (F2AED0AC-9AFE-416F-8664-AA7FFA26D6FC): 1
LogDevObjectVersion:   Dev-Destruction (174F1F0B-B4C6-45A5-B13F-2EE8D0FB917D): 10
LogDevObjectVersion:   Dev-Physics-Ext (35F94A83-E258-406C-A318-09F59610247C): 41
LogDevObjectVersion:   Dev-PhysicsMaterial-Chaos (B68FC16E-8B1B-42E2-B453-215C058844FE): 1
LogDevObjectVersion:   Dev-CineCamera (B2E18506-4273-CFC2-A54E-F4BB758BBA07): 1
LogDevObjectVersion:   Dev-VirtualProduction (64F58936-FD1B-42BA-BA96-7289D5D0FA4E): 1
LogDevObjectVersion:   UE5-Main (697DD581-E64F-41AB-AA4A-51ECBEB7B628): 121
LogDevObjectVersion:   UE5-Release (D89B5E42-24BD-4D46-8412-ACA8DF641779): 56
LogDevObjectVersion:   UE5-SpecialProject (59DA5D52-1232-4948-B878-597870B8E98B): 9
LogDevObjectVersion:   Dev-MediaFramework (6F0ED827-A609-4895-9C91-998D90180EA4): 2
LogDevObjectVersion:   Dev-NaniteResearch (30D58BE3-95EA-4282-A6E3-B159D8EBB06A): 1
LogInit: Presizing for max 100000 objects, including 0 objects not considered by GC.
LogInit: Object subsystem initialized
LogConfig: Applying CVar settings from Section [Startup] File [../../../Engine/Config/ConsoleVariables.ini]
LogConfig: Applying CVar settings from Section [Startup_Windows] File [../../../Engine/Config/ConsoleVariables.ini]
LogConfig: Applying CVar settings from Section [ConsoleVariables] File [Engine]
[2025.08.05-05.02.30:395][  0]LogInit: Computer: X
[2025.08.05-05.02.30:395][  0]LogInit: User: zcp
[2025.08.05-05.02.30:395][  0]LogInit: CPU Page size=4096, Cores=8
[2025.08.05-05.02.30:395][  0]LogInit: High frequency timer resolution =10.000000 MHz
[2025.08.05-05.02.30:395][  0]LogMemory: Process is running as part of a Windows Job with separate resource limits
[2025.08.05-05.02.30:395][  0]LogMemory: Memory total: Physical=15.2GB (16GB approx) Virtual=39.7GB
[2025.08.05-05.02.30:395][  0]LogMemory: Platform Memory Stats for WindowsEditor
[2025.08.05-05.02.30:395][  0]LogMemory: Process Physical Memory: 70.69 MB used, 70.69 MB peak
[2025.08.05-05.02.30:395][  0]LogMemory: Process Virtual Memory: 88.39 MB used, 88.39 MB peak
[2025.08.05-05.02.30:395][  0]LogMemory: Physical Memory: 9355.18 MB used,  6229.92 MB free, 15585.09 MB total
[2025.08.05-05.02.30:395][  0]LogMemory: Virtual Memory: 18714.35 MB used,  21977.90 MB free, 40692.25 MB total
[2025.08.05-05.02.30:431][  0]LogAssetRegistry: FAssetRegistry took 0.0001 seconds to start up
[2025.08.05-05.02.30:434][  0]LogUObjectArray: 932 objects as part of root set at end of initial load.
[2025.08.05-05.02.30:434][  0]LogUObjectArray: CloseDisregardForGC: 0/0 objects in disregard for GC pool
[2025.08.05-05.02.30:435][  0]LogPaths: Warning: No paths for game localization data were specifed in the game configuration.
[2025.08.05-05.02.30:435][  0]LogInit: Using OS detected language (zh-CN).
[2025.08.05-05.02.30:435][  0]LogInit: Using OS detected locale (zh-CN).
[2025.08.05-05.02.30:435][  0]LogInit: Warning: No paths for engine localization data were specifed in the engine configuration.
[2025.08.05-05.02.30:437][  0]LogTextLocalizationManager: No localization for 'zh-CN' exists, so 'en' will be used for the language.
[2025.08.05-05.02.30:437][  0]LogTextLocalizationManager: No localization for 'zh-CN' exists, so 'en' will be used for the locale.
[2025.08.05-05.02.30:438][  0]LogInit: Using OS detected language (zh-CN).
[2025.08.05-05.02.30:438][  0]LogInit: Using OS detected locale (zh-CN).
[2025.08.05-05.02.30:438][  0]LogTextLocalizationManager: No localization for 'zh-CN' exists, so 'en' will be used for the language.
[2025.08.05-05.02.30:438][  0]LogTextLocalizationManager: No localization for 'zh-CN' exists, so 'en' will be used for the locale.
[2025.08.05-05.02.30:438][  0]LogPackageLocalizationCache: Processed 2 localized package path(s) for 1 prioritized culture(s) in 0.000151 seconds
[2025.08.05-05.02.30:439][  0]LogSlate: Using FreeType 2.10.0
[2025.08.05-05.02.30:440][  0]LogSlate: SlateFontServices - WITH_FREETYPE: 1, WITH_HARFBUZZ: 1
[2025.08.05-05.02.30:450][  0]LogWindowsTextInputMethodSystem: Available input methods:
[2025.08.05-05.02.30:450][  0]LogWindowsTextInputMethodSystem:   - 简体中文(中国大陆) - 微软拼音 (TSF IME).
[2025.08.05-05.02.30:450][  0]LogWindowsTextInputMethodSystem:   - 简体中文(中国大陆) - 触控输入更正 (TSF IME).
[2025.08.05-05.02.30:451][  0]LogWindowsTextInputMethodSystem: Activated input method: 简体中文(中国大陆) - 微软拼音 (TSF IME).
[2025.08.05-05.02.30:486][  0]LogWindowsTouchpad: Display: CacheForceMaxTouchpadSensitivityMode SetMaxTouchpadSensitivity
[2025.08.05-05.02.30:486][  0]LogInit: Setting process to per monitor DPI aware
[2025.08.05-05.02.30:497][  0]LogSlate: New Slate User Created. Platform User Id 0, User Index 0, Is Virtual User: 0
[2025.08.05-05.02.30:497][  0]LogSlate: Slate User Registered.  User Index 0, Is Virtual User: 0
[2025.08.05-05.02.30:540][  0]LogStandaloneRenderer: D3D11 adapters settings:
[2025.08.05-05.02.30:540][  0]LogStandaloneRenderer: D3D11 adapters:
[2025.08.05-05.02.30:540][  0]LogStandaloneRenderer: Testing D3D11 adapter: 0. Description: 'NVIDIA GeForce RTX 4060 Laptop GPU'. VendorId: 10de. DeviceId: 28e0.
[2025.08.05-05.02.30:724][  0]LogStandaloneRenderer:   0. 'NVIDIA GeForce RTX 4060 Laptop GPU'. Feature level: 11_1
[2025.08.05-05.02.30:724][  0]LogStandaloneRenderer: Testing D3D11 adapter: 1. Description: 'AMD Radeon 780M Graphics'. VendorId: 1002. DeviceId: 15bf.
[2025.08.05-05.02.30:794][  0]LogStandaloneRenderer:   1. 'AMD Radeon 780M Graphics'. Feature level: 11_1
[2025.08.05-05.02.30:795][  0]LogStandaloneRenderer: Testing D3D11 adapter: 2. Description: 'Microsoft Basic Render Driver'. VendorId: 1414. DeviceId: 008c.
[2025.08.05-05.02.30:798][  0]LogStandaloneRenderer:   2. 'Microsoft Basic Render Driver'. Feature level: 11_1
[2025.08.05-05.02.30:798][  0]LogStandaloneRenderer:   Skip adapter.
[2025.08.05-05.02.30:798][  0]LogStandaloneRenderer: Selected D3D11 Description: 'NVIDIA GeForce RTX 4060 Laptop GPU'. VendorId: 10de. DeviceId: 28e0.
[2025.08.05-05.02.30:919][  0]LogStreaming: Warning: Failed to read file '../../../Engine/Content/Slate/Launcher/Launcher_Run.png' error.
[2025.08.05-05.02.30:919][  0]LogSlateD3D: Warning: Could not find file for Slate resource: [../../../Engine/Content/Slate/Launcher/Launcher_Run.png] '../../../Engine/Content/Slate/Launcher/Launcher_Run.png'
[2025.08.05-05.02.30:919][  0]LogStreaming: Warning: Failed to read file '../../../Engine/Content/Slate/Launcher/Launcher_EditSettings.png' error.
[2025.08.05-05.02.30:919][  0]LogSlateD3D: Warning: Could not find file for Slate resource: [../../../Engine/Content/Slate/Launcher/Launcher_EditSettings.png] '../../../Engine/Content/Slate/Launcher/Launcher_EditSettings.png'
[2025.08.05-05.02.30:919][  0]LogStreaming: Warning: Failed to read file '../../../Engine/Content/Slate/Launcher/Launcher_Back.png' error.
[2025.08.05-05.02.30:919][  0]LogSlateD3D: Warning: Could not find file for Slate resource: [../../../Engine/Content/Slate/Launcher/Launcher_Back.png] '../../../Engine/Content/Slate/Launcher/Launcher_Back.png'
[2025.08.05-05.02.30:919][  0]LogStreaming: Warning: Failed to read file '../../../Engine/Content/Slate/Launcher/Launcher_Back.png' error.
[2025.08.05-05.02.30:919][  0]LogSlateD3D: Warning: Could not find file for Slate resource: [../../../Engine/Content/Slate/Launcher/Launcher_Back.png] '../../../Engine/Content/Slate/Launcher/Launcher_Back.png'
[2025.08.05-05.02.30:919][  0]LogStreaming: Warning: Failed to read file '../../../Engine/Content/Slate/Launcher/Launcher_Delete.png' error.
[2025.08.05-05.02.30:919][  0]LogSlateD3D: Warning: Could not find file for Slate resource: [../../../Engine/Content/Slate/Launcher/Launcher_Delete.png] '../../../Engine/Content/Slate/Launcher/Launcher_Delete.png'
[2025.08.05-05.02.30:919][  0]LogStreaming: Warning: Failed to read file '../../../Engine/Content/Slate/Launcher/Instance_Commandlet.png' error.
[2025.08.05-05.02.30:919][  0]LogSlateD3D: Warning: Could not find file for Slate resource: [../../../Engine/Content/Slate/Launcher/Instance_Commandlet.png] '../../../Engine/Content/Slate/Launcher/Instance_Commandlet.png'
[2025.08.05-05.02.30:919][  0]LogStreaming: Warning: Failed to read file '../../../Engine/Content/Slate/Launcher/Instance_Editor.png' error.
[2025.08.05-05.02.30:919][  0]LogSlateD3D: Warning: Could not find file for Slate resource: [../../../Engine/Content/Slate/Launcher/Instance_Editor.png] '../../../Engine/Content/Slate/Launcher/Instance_Editor.png'
[2025.08.05-05.02.30:919][  0]LogStreaming: Warning: Failed to read file '../../../Engine/Content/Slate/Launcher/Instance_Game.png' error.
[2025.08.05-05.02.30:919][  0]LogSlateD3D: Warning: Could not find file for Slate resource: [../../../Engine/Content/Slate/Launcher/Instance_Game.png] '../../../Engine/Content/Slate/Launcher/Instance_Game.png'
[2025.08.05-05.02.30:919][  0]LogStreaming: Warning: Failed to read file '../../../Engine/Content/Slate/Launcher/Instance_Other.png' error.
[2025.08.05-05.02.30:919][  0]LogSlateD3D: Warning: Could not find file for Slate resource: [../../../Engine/Content/Slate/Launcher/Instance_Other.png] '../../../Engine/Content/Slate/Launcher/Instance_Other.png'
[2025.08.05-05.02.30:919][  0]LogStreaming: Warning: Failed to read file '../../../Engine/Content/Slate/Launcher/Instance_Server.png' error.
[2025.08.05-05.02.30:919][  0]LogSlateD3D: Warning: Could not find file for Slate resource: [../../../Engine/Content/Slate/Launcher/Instance_Server.png] '../../../Engine/Content/Slate/Launcher/Instance_Server.png'
[2025.08.05-05.02.30:919][  0]LogStreaming: Warning: Failed to read file '../../../Engine/Content/Slate/Launcher/Instance_Unknown.png' error.
[2025.08.05-05.02.30:919][  0]LogSlateD3D: Warning: Could not find file for Slate resource: [../../../Engine/Content/Slate/Launcher/Instance_Unknown.png] '../../../Engine/Content/Slate/Launcher/Instance_Unknown.png'
[2025.08.05-05.02.30:919][  0]LogStreaming: Warning: Failed to read file '../../../Engine/Content/Slate/Launcher/Launcher_Deploy.png' error.
[2025.08.05-05.02.30:919][  0]LogSlateD3D: Warning: Could not find file for Slate resource: [../../../Engine/Content/Slate/Launcher/Launcher_Deploy.png] '../../../Engine/Content/Slate/Launcher/Launcher_Deploy.png'
[2025.08.05-05.02.30:919][  0]LogStreaming: Warning: Failed to read file '../../../Engine/Content/Slate/Launcher/Launcher_Build.png' error.
[2025.08.05-05.02.30:919][  0]LogSlateD3D: Warning: Could not find file for Slate resource: [../../../Engine/Content/Slate/Launcher/Launcher_Build.png] '../../../Engine/Content/Slate/Launcher/Launcher_Build.png'
[2025.08.05-05.02.30:919][  0]LogStreaming: Warning: Failed to read file '../../../Engine/Content/Slate/Launcher/Launcher_Advanced.png' error.
[2025.08.05-05.02.30:919][  0]LogSlateD3D: Warning: Could not find file for Slate resource: [../../../Engine/Content/Slate/Launcher/Launcher_Advanced.png] '../../../Engine/Content/Slate/Launcher/Launcher_Advanced.png'
[2025.08.05-05.02.30:920][  0]LogStreaming: Warning: Failed to read file '../../../Engine/Content/Slate/Launcher/Launcher_Advanced.png' error.
[2025.08.05-05.02.30:920][  0]LogSlateD3D: Warning: Could not find file for Slate resource: [../../../Engine/Content/Slate/Launcher/Launcher_Advanced.png] '../../../Engine/Content/Slate/Launcher/Launcher_Advanced.png'
[2025.08.05-05.02.30:920][  0]LogStreaming: Warning: Failed to read file '../../../Engine/Content/Slate/Launcher/Launcher_Advanced.png' error.
[2025.08.05-05.02.30:920][  0]LogSlateD3D: Warning: Could not find file for Slate resource: [../../../Engine/Content/Slate/Launcher/Launcher_Advanced.png] '../../../Engine/Content/Slate/Launcher/Launcher_Advanced.png'
[2025.08.05-05.02.30:920][  0]LogStreaming: Warning: Failed to read file '../../../Engine/Content/Slate/Launcher/All_Platforms_24x.png' error.
[2025.08.05-05.02.30:920][  0]LogSlateD3D: Warning: Could not find file for Slate resource: [../../../Engine/Content/Slate/Launcher/All_Platforms_24x.png] '../../../Engine/Content/Slate/Launcher/All_Platforms_24x.png'
[2025.08.05-05.02.30:920][  0]LogStreaming: Warning: Failed to read file '../../../Engine/Content/Slate/Launcher/All_Platforms_128x.png' error.
[2025.08.05-05.02.30:920][  0]LogSlateD3D: Warning: Could not find file for Slate resource: [../../../Engine/Content/Slate/Launcher/All_Platforms_128x.png] '../../../Engine/Content/Slate/Launcher/All_Platforms_128x.png'
[2025.08.05-05.02.30:920][  0]LogStreaming: Warning: Failed to read file '../../../Engine/Content/Slate/Launcher/All_Platforms_128x.png' error.
[2025.08.05-05.02.30:920][  0]LogSlateD3D: Warning: Could not find file for Slate resource: [../../../Engine/Content/Slate/Launcher/All_Platforms_128x.png] '../../../Engine/Content/Slate/Launcher/All_Platforms_128x.png'
[2025.08.05-05.02.30:998][  0]LogStreaming: Warning: Failed to read file '../../../Engine/Content/Editor/Slate/Icons/SlateReflector/FocusPicking_24x.png' error.
[2025.08.05-05.02.30:998][  0]LogSlateD3D: Warning: Could not find file for Slate resource: [../../../Engine/Content/Editor/Slate/Icons/SlateReflector/FocusPicking_24x.png] '../../../Engine/Content/Editor/Slate/Icons/SlateReflector/FocusPicking_24x.png'
[2025.08.05-05.02.30:998][  0]LogStreaming: Warning: Failed to read file '../../../Engine/Content/Editor/Slate/Icons/GeneralTools/Select_40x.png' error.
[2025.08.05-05.02.30:998][  0]LogSlateD3D: Warning: Could not find file for Slate resource: [../../../Engine/Content/Editor/Slate/Icons/GeneralTools/Select_40x.png] '../../../Engine/Content/Editor/Slate/Icons/GeneralTools/Select_40x.png'
[2025.08.05-05.02.30:998][  0]LogStreaming: Warning: Failed to read file '../../../Engine/Content/Editor/Slate/Icons/GeneralTools/Paint_40x.png' error.
[2025.08.05-05.02.30:998][  0]LogSlateD3D: Warning: Could not find file for Slate resource: [../../../Engine/Content/Editor/Slate/Icons/GeneralTools/Paint_40x.png] '../../../Engine/Content/Editor/Slate/Icons/GeneralTools/Paint_40x.png'
[2025.08.05-05.02.31:051][  0]LogSlate: Warning: FTabManager::RestoreFrom(): RestoreAreaOutputCanBeNullptr was set to EOutputCanBeNullptr::Never but RestoreFrom() is returning nullptr. I.e., the PrimaryDockArea could not be created. If returning nullptr is possible, set RestoreAreaOutputCanBeNullptr to an option that could return nullptr (e.g., IfNoTabValid, IfNoOpenTabValid). This code might ensure(false) or even check(false) in the future.
[2025.08.05-05.02.31:054][  0]LogSlate: Took 0.000189 seconds to synchronously load lazily loaded font '../../../Engine/Content/Slate/Fonts/Roboto-Regular.ttf' (155K)
[2025.08.05-05.02.31:055][  0]LogSlate: Took 0.001149 seconds to synchronously load lazily loaded font '../../../Engine/Content/Slate/Fonts/DroidSansFallback.ttf' (3848K)
[2025.08.05-05.02.31:056][  0]LogSlate: Took 0.000169 seconds to synchronously load lazily loaded font '../../../Engine/Content/Slate/Fonts/Roboto-Bold.ttf' (160K)
[2025.08.05-05.02.32:520][138]LogSlate: Request Window '代码' being destroyed
[2025.08.05-05.02.32:520][138]LogSlate: Window '代码' being destroyed
[2025.08.05-05.02.32:522][138]LogWindowsTextInputMethodSystem: Activated input method: 简体中文(中国大陆) - 微软拼音 (TSF IME).
[2025.08.05-05.02.32:531][138]LogCore: Engine exit requested (reason: Normal Slate Window Closed)
[2025.08.05-05.02.32:531][138]LogSlate: Request Window '代码' being destroyed
[2025.08.05-05.02.32:532][138]LogSlate: Window '代码' being destroyed
[2025.08.05-05.02.32:532][138]LogCore: Engine exit requested (reason: Normal Slate Window Closed; note: exit was already requested)
[2025.08.05-05.02.32:535][139]LogExit: Preparing to exit.
[2025.08.05-05.02.32:541][139]LogExit: Object subsystem successfully closed.
[2025.08.05-05.02.32:541][139]LogSlate: Request Window '' being destroyed
[2025.08.05-05.02.32:547][139]LogCore: Engine exit requested (reason: Normal Slate Window Closed; note: exit was already requested)
[2025.08.05-05.02.32:585][139]LogSlate: Slate User Destroyed.  User Index 0, Is Virtual User: 0
[2025.08.05-05.02.32:586][139]LogExit: Exiting.
[2025.08.05-05.02.32:592][139]Log file closed, 08/05/25 13:02:32
